<?xml version="1.0" encoding="UTF-8"?>
<testsuite xmlns:xsi="http://www.w3.org/2001/XMLSchema-instance" xsi:noNamespaceSchemaLocation="https://maven.apache.org/surefire/maven-surefire-plugin/xsd/surefire-test-report.xsd" version="3.0.2" name="AdvancedValidationTest" time="0.389" tests="14" errors="0" skipped="0" failures="0">
  <properties>
[...]
</properties>
  <testcase name="testInvalidEmail_MissingAt" classname="AdvancedValidationTest" time="0.065"/>
  <testcase name="testValidEmail" classname="AdvancedValidationTest" time="0.005"/>
  <testcase name="testIsEven_TrueCases(int)[1]" classname="AdvancedValidationTest" time="0.053"/>
  <testcase name="testIsEven_TrueCases(int)[2]" classname="AdvancedValidationTest" time="0.005"/>
  <testcase name="testIsEven_TrueCases(int)[3]" classname="AdvancedValidationTest" time="0.005"/>
  <testcase name="testIsEven_TrueCases(int)[4]" classname="AdvancedValidationTest" time="0.006"/>
  <testcase name="testIsEven_TrueCases(int)[5]" classname="AdvancedValidationTest" time="0.004"/>
  <testcase name="testIsEven_TrueCases(int)[6]" classname="AdvancedValidationTest" time="0.006"/>
  <testcase name="testIsEven_FalseCases(int)[1]" classname="AdvancedValidationTest" time="0.005"/>
  <testcase name="testIsEven_FalseCases(int)[2]" classname="AdvancedValidationTest" time="0.003"/>
  <testcase name="testIsEven_FalseCases(int)[3]" classname="AdvancedValidationTest" time="0.005"/>
  <testcase name="testIsEven_FalseCases(int)[4]" classname="AdvancedValidationTest" time="0.004"/>
  <testcase name="testIsEven_FalseCases(int)[5]" classname="AdvancedValidationTest" time="0.005"/>
  <testcase name="testNullEmail" classname="AdvancedValidationTest" time="0.003"/>
</testsuite>